<?xml version="1.0" encoding="UTF-8"?>
<testng-results ignored="0" total="1" passed="1" failed="0" skipped="0">
  <reporter-output>
  </reporter-output>
  <suite started-at="2026-06-12T17:10:00 IST" name="Surefire suite" finished-at="2026-06-12T17:10:27 IST" duration-ms="26983">
    <groups>
    </groups>
    <test started-at="2026-06-12T17:10:00 IST" name="Surefire test" finished-at="2026-06-12T17:10:27 IST" duration-ms="26983">
      <class name="Tests.JotFormTest">
        <test-method is-config="true" signature="setup()[pri:0, instance:Tests.JotFormTest@51dcb805]" started-at="2026-06-12T17:10:00 IST" name="setup" finished-at="2026-06-12T17:10:10 IST" duration-ms="10636" status="PASS">
          <reporter-output>
          </reporter-output>
        </test-method> <!-- setup -->
        <test-method signature="submitBookingForm(java.lang.String,java.lang.String,java.lang.String,java.lang.String,java.lang.String,java.lang.String,java.lang.String)[pri:0, instance:Tests.JotFormTest@51dcb805]" started-at="2026-06-12T17:10:10 IST" name="submitBookingForm" data-provider="bookingData" finished-at="2026-06-12T17:10:26 IST" duration-ms="16082" status="PASS">
          <params>
            <param index="0">
              <value>
                <![CDATA[Gowsalya]]>
              </value>
            </param>
            <param index="1">
              <value>
                <![CDATA[K]]>
              </value>
            </param>
            <param index="2">
              <value>
                <![CDATA[gowsalya@test.com]]>
              </value>
            </param>
            <param index="3">
              <value>
                <![CDATA[Standard Room (1 to 2 People)]]>
              </value>
            </param>
            <param index="4">
              <value>
                <![CDATA[2]]>
              </value>
            </param>
            <param index="5">
              <value>
                <![CDATA[AI203]]>
              </value>
            </param>
            <param index="6">
              <value>
                <![CDATA[Need Airport Pickup]]>
              </value>
            </param>
          </params>
          <reporter-output>
          </reporter-output>
        </test-method> <!-- submitBookingForm -->
        <test-method is-config="true" signature="tearDown()[pri:0, instance:Tests.JotFormTest@51dcb805]" started-at="2026-06-12T17:10:26 IST" name="tearDown" finished-at="2026-06-12T17:10:27 IST" duration-ms="107" status="PASS">
          <reporter-output>
          </reporter-output>
        </test-method> <!-- tearDown -->
      </class> <!-- Tests.JotFormTest -->
    </test> <!-- Surefire test -->
  </suite> <!-- Surefire suite -->
</testng-results>
